2024-02-19T19:56:00.838Z [error]: authenticatedUser Entered Invalid Credentials
2024-02-19T19:56:00.843Z [error]: unknownUser Entered Invalid Credentials
2024-02-19T19:56:36.170Z [error]: authenticatedUser Entered Invalid Credentials
2024-02-19T19:56:36.175Z [error]: unknownUser Entered Invalid Credentials
2024-02-19T19:56:49.303Z [error]: authenticatedUser Entered Invalid Credentials
2024-02-19T19:56:49.309Z [error]: unknownUser Entered Invalid Credentials
2024-02-19T19:57:49.620Z [error]: authenticatedUser Entered Invalid Credentials
2024-02-19T19:57:49.626Z [error]: unknownUser Entered Invalid Credentials
2024-02-19T19:58:42.216Z [error]: authenticatedUser Entered Invalid Credentials
2024-02-19T19:58:42.222Z [error]: unknownUser Entered Invalid Credentials
2024-02-19T20:00:42.982Z [error]: authenticatedUser Entered Invalid Credentials
2024-02-19T20:00:42.987Z [error]: unknownUser Entered Invalid Credentials
2024-02-19T20:02:30.003Z [error]: authenticatedUser Entered Invalid Credentials
2024-02-19T20:02:30.008Z [error]: unknownUser Entered Invalid Credentials
2024-02-19T20:05:10.510Z [error]: authenticatedUser Entered Invalid Credentials
2024-02-19T20:05:10.516Z [error]: unknownUser Entered Invalid Credentials
2024-02-19T20:06:28.515Z [error]: authenticatedUser Entered Invalid Credentials
2024-02-19T20:06:28.520Z [error]: unknownUser Entered Invalid Credentials
2024-02-19T20:06:59.731Z [error]: authenticatedUser Entered Invalid Credentials
2024-02-19T20:06:59.736Z [error]: unknownUser Entered Invalid Credentials
2024-02-19T20:07:22.909Z [error]: authenticatedUser Entered Invalid Credentials
2024-02-19T20:07:22.915Z [error]: unknownUser Entered Invalid Credentials
2024-02-19T20:09:43.869Z [error]: authenticatedUser Entered Invalid Credentials
2024-02-19T20:09:43.874Z [error]: unknownUser Entered Invalid Credentials
2024-02-19T20:10:15.806Z [error]: authenticatedUser Entered Invalid Credentials
2024-02-19T20:10:15.812Z [error]: unknownUser Entered Invalid Credentials
2024-02-19T20:11:37.173Z [error]: authenticatedUser Entered Invalid Credentials
2024-02-19T20:11:37.178Z [error]: unknownUser Entered Invalid Credentials
2024-02-19T20:13:27.446Z [error]: authenticatedUser Entered Invalid Credentials
2024-02-19T20:13:27.452Z [error]: unknownUser Entered Invalid Credentials
2024-02-19T20:13:41.946Z [error]: authenticatedUser Entered Invalid Credentials
2024-02-19T20:13:42.059Z [error]: testregistration is not available.
2024-02-19T20:13:41.952Z [error]: unknownUser Entered Invalid Credentials
2024-02-19T20:14:32.090Z [error]: testregistration is not available.
2024-02-19T20:15:05.147Z [error]: authenticatedUser Entered Invalid Credentials
2024-02-19T20:15:05.190Z [error]: testregistration is not available.
2024-02-19T20:15:05.152Z [error]: unknownUser Entered Invalid Credentials
2024-02-19T20:15:30.108Z [error]: authenticatedUser1 Entered Invalid Credentials
2024-02-19T20:15:30.151Z [error]: testregistration is not available.
2024-02-19T20:15:30.113Z [error]: unknownUser Entered Invalid Credentials
2024-02-19T20:16:03.240Z [error]: unknownUser Entered Invalid Credentials
2024-02-19T20:16:03.271Z [error]: testregistration is not available.
2024-02-19T20:35:18.932Z [error]: unknownUser Entered Invalid Credentials
2024-02-19T20:35:18.958Z [error]: testregistration is not available.
2024-02-19T21:06:02.961Z [error]: Uncaught Exception: SyntaxError: Expected double-quoted property name in JSON at position 61
2024-02-19T21:11:02.725Z [error]: postmanUser is not available.
2024-02-19T21:11:53.939Z [error]: postmanUser is not available.
2024-02-19T21:13:48.874Z [error]: postmanUser is not available.
2024-02-19T21:15:33.798Z [error]: Uncaught Exception: ReferenceError: username is not defined
2024-02-19T21:15:47.742Z [error]: Uncaught Exception: ReferenceError: username is not defined
2024-02-19T21:16:36.895Z [error]: Uncaught Exception: ReferenceError: username is not defined
2024-02-19T21:18:18.741Z [error]: Uncaught Exception: ReferenceError: username is not defined
2024-02-19T21:19:29.235Z [error]: Uncaught Exception: ReferenceError: username is not defined
2024-02-19T21:20:15.790Z [error]: postmanUser is not available.
2024-02-19T21:23:21.272Z [error]: postmanUser is not available.
2024-02-19T21:24:00.129Z [error]: authenticatedUser1 is not available.
2024-02-19T21:25:16.035Z [error]: authenticatedUser5 Entered Invalid Credentials
2024-02-19T21:25:22.406Z [error]: postmanUser is not available.
2024-02-20T23:08:24.858Z [error]: Uncaught Exception: ReferenceError: users is not defined
2024-02-20T23:10:33.208Z [error]: Uncaught Exception: ReferenceError: item is not defined
2024-02-20T23:12:40.903Z [error]: Uncaught Exception: ReferenceError: item is not defined
2024-02-20T23:22:17.539Z [error]: (...args) => defaultLogger[method](...args)
2024-02-20T23:24:40.740Z [error]: (...args) => defaultLogger[method](...args)
2024-02-20T23:26:19.656Z [error]: (...args) => defaultLogger[method](...args)
2024-02-20T23:26:53.589Z [error]: (...args) => defaultLogger[method](...args)
2024-02-20T23:27:24.452Z [error]: (...args) => defaultLogger[method](...args)
2024-02-20T23:29:17.173Z [error]: (...args) => defaultLogger[method](...args)
2024-02-20T23:33:33.993Z [error]: (...args) => defaultLogger[method](...args)
2024-02-20T23:34:04.794Z [error]: (...args) => defaultLogger[method](...args)
2024-02-20T23:34:39.396Z [error]: (...args) => defaultLogger[method](...args)
2024-02-20T23:35:13.883Z [error]: (...args) => defaultLogger[method](...args)
2024-02-20T23:43:07.046Z [error]: (...args) => defaultLogger[method](...args)
2024-02-20T23:45:59.744Z [error]: Uncaught Exception: TypeError: getEmployee is not a function
2024-02-20T23:46:10.479Z [error]: Uncaught Exception: TypeError: getEmployee is not a function
2024-02-20T23:46:29.754Z [error]: Uncaught Exception: TypeError: getEmployee is not a function
2024-02-20T23:46:58.915Z [error]: Uncaught Exception: TypeError: getEmployee is not a function
2024-02-20T23:47:27.516Z [error]: (...args) => defaultLogger[method](...args)
2024-02-20T23:48:44.814Z [error]: (...args) => defaultLogger[method](...args)
2024-02-20T23:49:13.087Z [error]: (...args) => defaultLogger[method](...args)
2024-02-20T23:49:26.889Z [error]: (...args) => defaultLogger[method](...args)
2024-02-21T01:03:58.237Z [error]: postmanUser Entered Invalid Credentials
2024-02-21T01:06:50.027Z [error]: postmanUser Entered Invalid Credentials
2024-02-21T01:08:33.717Z [error]: (...args) => defaultLogger[method](...args)
2024-02-21T01:10:12.086Z [error]: postmanUser Entered Invalid Credentials
2024-02-21T01:10:41.107Z [error]: postmanUser Entered Invalid Credentials
2024-02-21T01:13:37.219Z [error]: postmanUser Entered Invalid Credentials
2024-02-21T01:15:20.210Z [error]: postmanUser Entered Invalid Credentials
2024-02-21T01:16:07.771Z [error]: postmanUser Entered Invalid Credentials
2024-02-21T01:17:00.606Z [error]: postmanUser Entered Invalid Credentials
2024-02-21T01:17:44.611Z [error]: postmanUser Entered Invalid Credentials
2024-02-21T04:05:30.726Z [error]: (...args) => defaultLogger[method](...args)
2024-02-21T04:05:30.732Z [error]: (...args) => defaultLogger[method](...args)
2024-02-21T20:50:58.290Z [error]: Unable to read item. Error: ValidationException: One or more parameter values were invalid: Missing the key employee_id in the item
2024-02-21T21:05:58.961Z [error]: Cannot read properties of undefined (reading '0')
2024-02-21T21:06:34.161Z [error]: Cannot read properties of undefined (reading '0')
2024-02-22T19:19:07.958Z [error]: User is already logged in.
2024-02-22T19:29:07.277Z [error]: User is already logged in.
2024-02-22T20:59:07.636Z [error]: jwt malformed
2024-02-23T21:40:26.963Z [error]: jwt malformed
2024-02-23T21:41:22.637Z [error]: Invalid UpdateExpression: Attribute name is a reserved keyword; reserved keyword: status
2024-02-25T18:13:23.345Z [error]: jwt malformed
2024-02-25T18:14:25.338Z [error]: jwt malformed
2024-02-25T18:15:40.955Z [error]: User is not authorized.
2024-02-25T18:16:25.449Z [error]: User is not authorized.
2024-02-25T18:16:26.999Z [error]: User is not authorized.
2024-02-25T18:16:27.623Z [error]: User is not authorized.
2024-02-27T21:22:50.993Z [error]: ExpressionAttributeValues must not be empty
2024-02-27T21:22:52.549Z [error]: ExpressionAttributeValues must not be empty
2024-02-27T21:23:55.414Z [error]: Invalid request body. [object Object]
2024-02-27T21:25:15.408Z [error]: Invalid request body. [object Object]
2024-02-28T00:14:22.718Z [error]: ExpressionAttributeValues must not be empty
2024-02-28T00:14:23.104Z [error]: ExpressionAttributeValues must not be empty
2024-02-28T00:14:57.186Z [error]: ExpressionAttributeValues must not be empty
2024-02-28T00:14:57.912Z [error]: ExpressionAttributeValues must not be empty
2024-02-28T00:17:01.479Z [error]: ExpressionAttributeValues must not be empty
2024-02-28T00:17:05.964Z [error]: ExpressionAttributeValues must not be empty
2024-02-28T00:17:44.328Z [error]: ExpressionAttributeValues must not be empty
2024-02-28T00:17:49.844Z [error]: ExpressionAttributeValues must not be empty
2024-02-28T00:18:25.482Z [error]: ExpressionAttributeValues must not be empty
2024-02-28T00:19:41.933Z [error]: ExpressionAttributeValues must not be empty
2024-02-28T00:21:01.666Z [error]: ExpressionAttributeValues must not be empty
2024-02-28T18:19:45.299Z [error]: 1 validation error detected: Value null at 'key' failed to satisfy constraint: Member must not be null
2024-02-28T18:19:46.822Z [error]: 1 validation error detected: Value null at 'key' failed to satisfy constraint: Member must not be null
2024-02-28T18:21:07.158Z [error]: 1 validation error detected: Value null at 'key' failed to satisfy constraint: Member must not be null
2024-02-28T18:21:48.027Z [error]: Cannot read properties of undefined (reading '0')
2024-02-28T18:21:49.067Z [error]: Cannot read properties of undefined (reading '0')
2024-02-28T18:22:05.968Z [error]: Cannot read from backfilling global secondary index: username-index
2024-02-28T18:22:07.011Z [error]: Cannot read from backfilling global secondary index: username-index
2024-02-28T19:59:18.763Z [error]: 1 validation error detected: Value null at 'key' failed to satisfy constraint: Member must not be null
2024-02-28T20:13:12.909Z [error]: User failed employee authorization.
2024-02-28T20:16:25.418Z [error]: Invalid request body. [object Object]
2024-02-28T20:19:58.907Z [error]: Either the KeyConditions or KeyConditionExpression parameter must be specified in the request.
2024-02-28T20:23:40.314Z [error]: Invalid request body. [object Object]
2024-02-28T20:28:03.203Z [error]: jwt expired
2024-02-28T21:22:19.208Z [error]: Invalid request body. [object Object]
2024-02-28T21:29:34.164Z [error]: Invalid request body. [object Object]
2024-02-28T21:29:41.691Z [error]: Invalid request body. [object Object]
2024-02-28T21:29:48.147Z [error]: Invalid request body. [object Object]
2024-02-28T21:29:53.532Z [error]: Invalid request body. [object Object]
2024-02-28T21:29:59.303Z [error]: Invalid request body. [object Object]
2024-02-28T21:52:55.942Z [error]: ExpressionAttributeValues must not be empty
2024-02-28T21:53:51.582Z [error]: ExpressionAttributeValues must not be empty
2024-02-28T21:54:44.984Z [error]: ExpressionAttributeValues must not be empty
2024-02-28T21:55:59.536Z [error]: ExpressionAttributeValues must not be empty
2024-02-28T21:57:00.768Z [error]: ExpressionAttributeValues must not be empty
2024-02-28T21:57:16.658Z [error]: ExpressionAttributeValues must not be empty
2024-02-28T21:57:59.318Z [error]: ExpressionAttributeValues must not be empty
2024-02-28T21:58:35.101Z [error]: ExpressionAttributeValues must not be empty
2024-02-28T22:00:36.331Z [error]: ExpressionAttributeValues must not be empty
2024-02-28T22:00:51.410Z [error]: ExpressionAttributeValues must not be empty
2024-02-28T22:03:01.890Z [error]: ExpressionAttributeValues must not be empty
2024-02-28T22:03:31.449Z [error]: ExpressionAttributeValues must not be empty
2024-02-28T22:03:39.881Z [error]: ExpressionAttributeValues must not be empty
2024-02-28T22:03:44.493Z [error]: ExpressionAttributeValues must not be empty
2024-02-28T23:32:15.285Z [error]: ExpressionAttributeValues must not be empty
2024-02-29T00:33:49.581Z [error]: jwt expired
2024-02-29T00:42:53.212Z [error]: jwt expired
2024-02-29T00:48:07.485Z [error]: Invalid UpdateExpression: Syntax error; token: "resolver", near: ":ticket_status resolver ="
2024-02-29T00:48:47.420Z [error]: Invalid UpdateExpression: Syntax error; token: "resolver", near: ":ticket_status resolver ="
2024-02-29T00:48:58.476Z [error]: Invalid UpdateExpression: Syntax error; token: "resolver", near: ":ticket_status resolver ="
2024-02-29T00:52:58.945Z [error]: Invalid UpdateExpression: Syntax error; token: "Set", near: ", Set resolver"
2024-02-29T04:05:25.439Z [error]: jwt expired
2024-02-29T04:09:33.302Z [error]: 1 validation error detected: Value null at 'tableName' failed to satisfy constraint: Member must not be null
2024-02-29T04:09:33.430Z [error]: Unable to read item. Error: ValidationException: 1 validation error detected: Value null at 'tableName' failed to satisfy constraint: Member must not be null
2024-02-29T04:09:33.484Z [error]: 1 validation error detected: Value null at 'tableName' failed to satisfy constraint: Member must not be null
2024-02-29T04:09:33.596Z [error]: Unable to read item. Error: ValidationException: 1 validation error detected: Value null at 'tableName' failed to satisfy constraint: Member must not be null
2024-02-29T04:09:33.895Z [error]: 1 validation error detected: Value null at 'tableName' failed to satisfy constraint: Member must not be null
2024-02-29T04:09:33.957Z [error]: 1 validation error detected: Value null at 'tableName' failed to satisfy constraint: Member must not be null
2024-02-29T04:09:34.013Z [error]: 1 validation error detected: Value null at 'tableName' failed to satisfy constraint: Member must not be null
2024-02-29T04:11:29.861Z [error]: 1 validation error detected: Value null at 'tableName' failed to satisfy constraint: Member must not be null
2024-02-29T04:11:29.868Z [error]: 1 validation error detected: Value null at 'tableName' failed to satisfy constraint: Member must not be null
2024-02-29T04:11:29.975Z [error]: Unable to read item. Error: ValidationException: 1 validation error detected: Value null at 'tableName' failed to satisfy constraint: Member must not be null
2024-02-29T04:11:29.977Z [error]: Unable to read item. Error: ValidationException: 1 validation error detected: Value null at 'tableName' failed to satisfy constraint: Member must not be null
2024-02-29T04:11:30.262Z [error]: 1 validation error detected: Value null at 'tableName' failed to satisfy constraint: Member must not be null
2024-02-29T04:11:30.316Z [error]: 1 validation error detected: Value null at 'tableName' failed to satisfy constraint: Member must not be null
2024-02-29T04:11:30.373Z [error]: 1 validation error detected: Value null at 'tableName' failed to satisfy constraint: Member must not be null
2024-02-29T04:11:37.919Z [error]: 1 validation error detected: Value null at 'tableName' failed to satisfy constraint: Member must not be null
2024-02-29T04:11:37.920Z [error]: 1 validation error detected: Value null at 'tableName' failed to satisfy constraint: Member must not be null
2024-02-29T04:11:37.976Z [error]: 1 validation error detected: Value null at 'tableName' failed to satisfy constraint: Member must not be null
2024-02-29T04:11:38.028Z [error]: 1 validation error detected: Value null at 'tableName' failed to satisfy constraint: Member must not be null
2024-02-29T04:11:38.036Z [error]: Unable to read item. Error: ValidationException: 1 validation error detected: Value null at 'tableName' failed to satisfy constraint: Member must not be null
2024-02-29T04:16:11.851Z [error]: 1 validation error detected: Value null at 'tableName' failed to satisfy constraint: Member must not be null
2024-02-29T04:16:11.851Z [error]: 1 validation error detected: Value null at 'tableName' failed to satisfy constraint: Member must not be null
2024-02-29T04:16:11.851Z [error]: Unable to read item. Error: ValidationException: 1 validation error detected: Value null at 'tableName' failed to satisfy constraint: Member must not be null
2024-02-29T04:16:11.909Z [error]: 1 validation error detected: Value null at 'tableName' failed to satisfy constraint: Member must not be null
2024-02-29T04:16:11.961Z [error]: 1 validation error detected: Value null at 'tableName' failed to satisfy constraint: Member must not be null
2024-02-29T04:16:11.962Z [error]: Unable to read item. Error: ValidationException: 1 validation error detected: Value null at 'tableName' failed to satisfy constraint: Member must not be null
2024-02-29T04:16:19.933Z [error]: 1 validation error detected: Value null at 'tableName' failed to satisfy constraint: Member must not be null
2024-02-29T04:16:20.037Z [error]: Unable to read item. Error: ValidationException: 1 validation error detected: Value null at 'tableName' failed to satisfy constraint: Member must not be null
2024-02-29T04:19:57.637Z [error]: ExpressionAttributeValues must not be empty
2024-02-29T04:24:07.379Z [error]: ExpressionAttributeValues must not be empty
2024-02-29T04:24:44.754Z [error]: ExpressionAttributeValues must not be empty
2024-02-29T04:25:55.698Z [error]: ExpressionAttributeValues must not be empty
2024-02-29T04:27:32.763Z [error]: ExpressionAttributeValues must not be empty
2024-02-29T04:31:38.929Z [error]: ExpressionAttributeValues must not be empty
2024-02-29T04:36:40.802Z [error]: ExpressionAttributeValues must not be empty
2024-02-29T04:38:41.767Z [error]: ExpressionAttributeValues must not be empty
2024-02-29T04:39:43.141Z [error]: ExpressionAttributeValues must not be empty
2024-02-29T04:41:12.817Z [error]: ExpressionAttributeValues must not be empty
2024-02-29T04:45:41.425Z [error]: ExpressionAttributeValues must not be empty
2024-02-29T04:48:19.602Z [error]: ExpressionAttributeValues must not be empty
2024-02-29T04:51:36.183Z [error]: ExpressionAttributeValues must not be empty
