TN:
SF:src/repository/EmployeeDAO.js
FN:18,getEmployeeByUsername
FN:38,postEmployee
FNF:2
FNH:2
FNDA:5,getEmployeeByUsername
FNDA:1,postEmployee
DA:1,2
DA:2,2
DA:7,2
DA:9,2
DA:11,2
DA:13,2
DA:15,2
DA:19,5
DA:27,5
DA:28,5
DA:29,4
DA:31,1
DA:34,1
DA:39,1
DA:45,1
DA:46,1
DA:47,1
DA:49,0
DA:52,0
DA:55,2
LF:20
LH:18
BRF:0
BRH:0
end_of_record
TN:
SF:src/repository/TicketDAO.js
FN:20,postTicket
FN:37,getTickets
FN:52,getTicketsByStatus
FN:71,getTicketsById
FN:90,getTicketsByIdAndStatus
FN:110,updateTicketStatus
FNF:6
FNH:6
FNDA:1,postTicket
FNDA:1,getTickets
FNDA:1,getTicketsByStatus
FNDA:1,getTicketsById
FNDA:1,getTicketsByIdAndStatus
FNDA:1,updateTicketStatus
DA:1,1
DA:2,1
DA:9,1
DA:11,1
DA:13,1
DA:15,1
DA:17,1
DA:21,1
DA:26,1
DA:27,1
DA:28,1
DA:30,0
DA:33,0
DA:38,1
DA:42,1
DA:43,1
DA:44,1
DA:46,0
DA:49,0
DA:53,1
DA:61,1
DA:62,1
DA:63,1
DA:65,0
DA:68,0
DA:72,1
DA:80,1
DA:81,1
DA:82,1
DA:84,0
DA:87,0
DA:91,1
DA:100,1
DA:101,1
DA:102,1
DA:104,0
DA:107,0
DA:111,1
DA:125,1
DA:126,1
DA:127,1
DA:129,0
DA:132,0
DA:135,1
LF:44
LH:32
BRDA:44,0,0,1
BRDA:44,0,1,0
BRDA:63,1,0,1
BRDA:63,1,1,0
BRDA:82,2,0,1
BRDA:82,2,1,0
BRDA:102,3,0,1
BRDA:102,3,1,0
BRDA:127,4,0,1
BRDA:127,4,1,0
BRF:10
BRH:5
end_of_record
TN:
SF:src/service/LoginService.js
FN:4,login
FNF:1
FNH:1
FNDA:3,login
DA:1,1
DA:2,1
DA:5,3
DA:6,3
DA:11,1
DA:14,2
DA:17,1
LF:7
LH:7
BRDA:6,0,0,1
BRDA:6,0,1,2
BRDA:7,1,0,3
BRDA:7,1,1,1
BRDA:7,1,2,1
BRDA:11,2,0,1
BRDA:11,2,1,0
BRF:7
BRH:6
end_of_record
TN:
SF:src/service/RegisterService.js
FN:5,postEmployee
FN:19,validateUsername
FNF:2
FNH:2
FNDA:2,postEmployee
FNDA:2,validateUsername
DA:1,1
DA:2,1
DA:3,1
DA:6,2
DA:7,1
DA:13,1
DA:16,1
DA:20,2
DA:21,2
DA:22,1
DA:24,1
DA:28,1
LF:12
LH:12
BRDA:6,0,0,1
BRDA:6,0,1,1
BRDA:13,1,0,1
BRDA:13,1,1,0
BRDA:21,2,0,1
BRDA:21,2,1,1
BRDA:21,3,0,2
BRDA:21,3,1,1
BRF:8
BRH:7
end_of_record
TN:
SF:src/service/TicketService.js
FN:4,postTicket
FN:17,getTickets
FN:22,getTicketsByStatus
FN:27,getTicketsById
FN:32,getTicketsByIdAndStatus
FN:37,updateTicketStatus
FNF:6
FNH:6
FNDA:1,postTicket
FNDA:1,getTickets
FNDA:1,getTicketsByStatus
FNDA:1,getTicketsById
FNDA:1,getTicketsByIdAndStatus
FNDA:1,updateTicketStatus
DA:1,1
DA:2,1
DA:5,1
DA:14,1
DA:18,1
DA:19,1
DA:23,1
DA:24,1
DA:28,1
DA:29,1
DA:33,1
DA:34,1
DA:38,1
DA:39,1
DA:42,1
LF:15
LH:15
BRDA:14,0,0,1
BRDA:14,0,1,0
BRDA:19,1,0,1
BRDA:19,1,1,0
BRDA:24,2,0,1
BRDA:24,2,1,0
BRDA:29,3,0,1
BRDA:29,3,1,0
BRDA:34,4,0,1
BRDA:34,4,1,0
BRDA:39,5,0,1
BRDA:39,5,1,0
BRF:12
BRH:6
end_of_record
TN:
SF:src/util/logger.js
FN:7,(anonymous_0)
FNF:1
FNH:1
FNDA:1,(anonymous_0)
DA:1,3
DA:3,3
DA:8,1
DA:17,3
LF:4
LH:4
BRF:0
BRH:0
end_of_record
